Build started 31/05/2016 20:02:11.
     1>Project "C:\Users\esteban\Documents\GitHub\VictoriousSecret\bloodbros\SDL Game.vcxproj" on node 2 (Build target(s)).
     1>ClCompile:
         C:\Program Files (x86)\Microsoft Visual Studio 12.0\VC\bin\CL.exe /c /Zi /nologo /W3 /WX- /sdl /O2 /Oi /Oy- /GL /D _MBCS /Gm- /MD /GS /Gy /fp:precise /Zc:wchar_t /Zc:forScope /Fo"Release\\" /Fd"Release\vc120.pdb" /Gd /TP /analyze- /errorReport:prompt Application.cpp Extras.cpp ModuleBuildings.cpp ModuleBuildings2.cpp ModuleLevel1.cpp ModuleLevel2.cpp ModulePlayer.cpp ModuleTitleScreen.cpp ModuleUi.cpp ModuleVictory.cpp
         Application.cpp
         Extras.cpp
     1>Extras.cpp(173): warning C4244: 'argument' : conversion from 'float' to 'int', possible loss of data
     1>Extras.cpp(175): warning C4244: 'argument' : conversion from 'float' to 'int', possible loss of data
     1>Extras.cpp(177): warning C4244: 'argument' : conversion from 'float' to 'int', possible loss of data
     1>Extras.cpp(180): warning C4244: 'argument' : conversion from 'float' to 'int', possible loss of data
     1>Extras.cpp(183): warning C4244: 'argument' : conversion from 'float' to 'int', possible loss of data
     1>Extras.cpp(186): warning C4244: 'argument' : conversion from 'float' to 'int', possible loss of data
     1>Extras.cpp(187): warning C4244: 'argument' : conversion from 'float' to 'int', possible loss of data
     1>Extras.cpp(188): warning C4244: 'argument' : conversion from 'float' to 'int', possible loss of data
     1>Extras.cpp(192): warning C4244: 'argument' : conversion from 'float' to 'int', possible loss of data
     1>Extras.cpp(195): warning C4244: 'argument' : conversion from 'float' to 'int', possible loss of data
     1>Extras.cpp(212): warning C4244: '=' : conversion from 'int' to 'float', possible loss of data
     1>Extras.cpp(213): warning C4244: '=' : conversion from 'int' to 'float', possible loss of data
     1>Extras.cpp(215): warning C4244: 'initializing' : conversion from 'float' to 'int', possible loss of data
     1>Extras.cpp(218): warning C4244: 'initializing' : conversion from 'float' to 'int', possible loss of data
     1>Extras.cpp(221): warning C4244: 'initializing' : conversion from 'float' to 'int', possible loss of data
     1>Extras.cpp(224): warning C4244: 'initializing' : conversion from 'float' to 'int', possible loss of data
     1>Extras.cpp(227): warning C4244: 'initializing' : conversion from 'float' to 'int', possible loss of data
     1>Extras.cpp(230): warning C4244: 'initializing' : conversion from 'float' to 'int', possible loss of data
     1>Extras.cpp(233): warning C4244: 'initializing' : conversion from 'float' to 'int', possible loss of data
     1>Extras.cpp(281): warning C4244: '=' : conversion from 'float' to 'int', possible loss of data
     1>Extras.cpp(282): warning C4244: '=' : conversion from 'float' to 'int', possible loss of data
     1>Extras.cpp(287): warning C4305: '=' : truncation from 'double' to 'float'
     1>Extras.cpp(298): warning C4244: 'argument' : conversion from 'float' to 'int', possible loss of data
     1>Extras.cpp(304): warning C4244: 'argument' : conversion from 'float' to 'int', possible loss of data
     1>Extras.cpp(309): warning C4244: 'argument' : conversion from 'float' to 'int', possible loss of data
     1>Extras.cpp(313): warning C4244: 'argument' : conversion from 'float' to 'int', possible loss of data
     1>Extras.cpp(318): warning C4244: 'argument' : conversion from 'float' to 'int', possible loss of data
     1>Extras.cpp(321): warning C4244: 'argument' : conversion from 'float' to 'int', possible loss of data
         ModuleBuildings.cpp
     1>ModuleBuildings.cpp(334): warning C4244: 'argument' : conversion from 'float' to 'int', possible loss of data
     1>ModuleBuildings.cpp(336): warning C4244: 'argument' : conversion from 'float' to 'int', possible loss of data
     1>ModuleBuildings.cpp(344): warning C4244: 'argument' : conversion from 'float' to 'int', possible loss of data
     1>ModuleBuildings.cpp(354): warning C4244: 'argument' : conversion from 'float' to 'int', possible loss of data
     1>ModuleBuildings.cpp(360): warning C4244: 'argument' : conversion from 'float' to 'int', possible loss of data
     1>ModuleBuildings.cpp(363): warning C4244: 'argument' : conversion from 'float' to 'int', possible loss of data
     1>ModuleBuildings.cpp(370): warning C4244: 'argument' : conversion from 'float' to 'int', possible loss of data
     1>ModuleBuildings.cpp(371): warning C4244: 'argument' : conversion from 'float' to 'int', possible loss of data
     1>ModuleBuildings.cpp(390): warning C4244: '=' : conversion from 'int' to 'float', possible loss of data
     1>ModuleBuildings.cpp(391): warning C4244: '=' : conversion from 'int' to 'float', possible loss of data
     1>ModuleBuildings.cpp(396): warning C4244: 'initializing' : conversion from 'float' to 'int', possible loss of data
     1>ModuleBuildings.cpp(399): warning C4244: 'initializing' : conversion from 'float' to 'int', possible loss of data
     1>ModuleBuildings.cpp(402): warning C4244: 'initializing' : conversion from 'float' to 'int', possible loss of data
     1>ModuleBuildings.cpp(406): warning C4244: 'initializing' : conversion from 'float' to 'int', possible loss of data
     1>ModuleBuildings.cpp(465): warning C4244: 'argument' : conversion from 'float' to 'int', possible loss of data
     1>ModuleBuildings.cpp(468): warning C4244: 'argument' : conversion from 'float' to 'int', possible loss of data
     1>ModuleBuildings.cpp(488): warning C4244: 'argument' : conversion from 'float' to 'int', possible loss of data
     1>ModuleBuildings.cpp(491): warning C4244: 'argument' : conversion from 'float' to 'int', possible loss of data
     1>ModuleBuildings.cpp(517): warning C4244: 'argument' : conversion from 'float' to 'int', possible loss of data
     1>ModuleBuildings.cpp(527): warning C4244: 'argument' : conversion from 'float' to 'int', possible loss of data
     1>ModuleBuildings.cpp(528): warning C4244: 'argument' : conversion from 'float' to 'int', possible loss of data
     1>ModuleBuildings.cpp(536): warning C4244: 'argument' : conversion from 'float' to 'int', possible loss of data
     1>ModuleBuildings.cpp(537): warning C4244: 'argument' : conversion from 'float' to 'int', possible loss of data
     1>ModuleBuildings.cpp(546): warning C4244: 'argument' : conversion from 'float' to 'int', possible loss of data
     1>ModuleBuildings.cpp(547): warning C4244: 'argument' : conversion from 'float' to 'int', possible loss of data
         ModuleBuildings2.cpp
     1>ModuleBuildings2.cpp(331): warning C4244: 'argument' : conversion from 'float' to 'int', possible loss of data
     1>ModuleBuildings2.cpp(333): warning C4244: 'argument' : conversion from 'float' to 'int', possible loss of data
     1>ModuleBuildings2.cpp(341): warning C4244: 'argument' : conversion from 'float' to 'int', possible loss of data
     1>ModuleBuildings2.cpp(351): warning C4244: 'argument' : conversion from 'float' to 'int', possible loss of data
     1>ModuleBuildings2.cpp(358): warning C4244: 'argument' : conversion from 'float' to 'int', possible loss of data
     1>ModuleBuildings2.cpp(362): warning C4244: 'argument' : conversion from 'float' to 'int', possible loss of data
     1>ModuleBuildings2.cpp(369): warning C4244: 'argument' : conversion from 'float' to 'int', possible loss of data
     1>ModuleBuildings2.cpp(370): warning C4244: 'argument' : conversion from 'float' to 'int', possible loss of data
     1>ModuleBuildings2.cpp(389): warning C4244: '=' : conversion from 'int' to 'float', possible loss of data
     1>ModuleBuildings2.cpp(390): warning C4244: '=' : conversion from 'int' to 'float', possible loss of data
     1>ModuleBuildings2.cpp(395): warning C4244: 'initializing' : conversion from 'float' to 'int', possible loss of data
     1>ModuleBuildings2.cpp(398): warning C4244: 'initializing' : conversion from 'float' to 'int', possible loss of data
     1>ModuleBuildings2.cpp(401): warning C4244: 'initializing' : conversion from 'float' to 'int', possible loss of data
     1>ModuleBuildings2.cpp(460): warning C4244: 'argument' : conversion from 'float' to 'int', possible loss of data
     1>ModuleBuildings2.cpp(462): warning C4244: 'argument' : conversion from 'float' to 'int', possible loss of data
     1>ModuleBuildings2.cpp(482): warning C4244: 'argument' : conversion from 'float' to 'int', possible loss of data
     1>ModuleBuildings2.cpp(484): warning C4244: 'argument' : conversion from 'float' to 'int', possible loss of data
     1>ModuleBuildings2.cpp(512): warning C4244: 'argument' : conversion from 'float' to 'int', possible loss of data
     1>ModuleBuildings2.cpp(533): warning C4244: 'argument' : conversion from 'float' to 'int', possible loss of data
         ModuleLevel1.cpp
         ModuleLevel2.cpp
         ModulePlayer.cpp
     1>ModulePlayer.cpp(382): warning C4244: 'initializing' : conversion from 'float' to 'int', possible loss of data
     1>ModulePlayer.cpp(561): warning C4244: '=' : conversion from 'float' to 'int', possible loss of data
     1>ModulePlayer.cpp(562): warning C4244: '=' : conversion from 'float' to 'int', possible loss of data
     1>ModulePlayer.cpp(663): warning C4305: '-=' : truncation from 'double' to 'float'
     1>ModulePlayer.cpp(677): warning C4244: '=' : conversion from 'float' to 'int', possible loss of data
     1>ModulePlayer.cpp(678): warning C4244: '=' : conversion from 'float' to 'int', possible loss of data
     1>ModulePlayer.cpp(805): warning C4244: 'argument' : conversion from 'float' to 'int', possible loss of data
         ModuleTitleScreen.cpp
         ModuleUi.cpp
     1>c:\users\esteban\documents\github\victorioussecret\bloodbros\ModuleText.h(66): warning C4018: '<' : signed/unsigned mismatch
     1>c:\users\esteban\documents\github\victorioussecret\bloodbros\ModuleText.h(79): warning C4018: '<' : signed/unsigned mismatch
         ModuleVictory.cpp
       Link:
         C:\Program Files (x86)\Microsoft Visual Studio 12.0\VC\bin\link.exe /ERRORREPORT:PROMPT /OUT:"C:\Users\esteban\Documents\GitHub\VictoriousSecret\bloodbros\Release\SDL4 Handout.exe" /NOLOGO kernel32.lib user32.lib gdi32.lib winspool.lib comdlg32.lib advapi32.lib shell32.lib ole32.lib oleaut32.lib uuid.lib odbc32.lib odbccp32.lib /MANIFEST /MANIFESTUAC:"level='asInvoker' uiAccess='false'" /manifest:embed /DEBUG /PDB:"C:\Users\esteban\Documents\GitHub\VictoriousSecret\bloodbros\Release\SDL4 Handout.pdb" /SUBSYSTEM:WINDOWS /OPT:REF /OPT:ICF /LTCG /TLBID:1 /DYNAMICBASE /NXCOMPAT /IMPLIB:"C:\Users\esteban\Documents\GitHub\VictoriousSecret\bloodbros\Release\SDL4 Handout.lib" /MACHINE:X86 /SAFESEH Release\Application.obj
         Release\Audio.obj
         Release\BlueCowBoy.obj
         Release\Charriot.obj
         Release\Enemy.obj
         Release\Extras.obj
         Release\FarGreenCowboy.obj
         Release\FarGreenCowboy2.obj
         Release\FarIndian.obj
         Release\FarIndian2.obj
         Release\Globals.obj
         Release\GreenCowBoyLeavingTheHouse.obj
         Release\GreenCowBoyMedium.obj
         Release\GreenCowboy.obj
         Release\GreenRight.obj
         Release\IndianLast.obj
         Release\IndianLast2.obj
         Release\IndianLeavingTheHouse.obj
         Release\IndianMedium.obj
         Release\Jumper.obj
         Release\jumper2.obj
         Release\jumper2left.obj
         Release\Jumpershoot.obj
         Release\Main.obj
         Release\ModuleBuildings.obj
         Release\ModuleBuildings2.obj
         Release\ModuleCollision.obj
         Release\ModuleEnemies.obj
         Release\ModuleEnemiesFront.obj
         Release\ModuleEnemiesMid.obj
         Release\ModuleFadeToBlack.obj
         Release\ModuleFonts.obj
         Release\ModuleInput.obj
         Release\ModuleLevel1.obj
         Release\ModuleLevel2.obj
         Release\ModuleParticles.obj
         Release\ModulePlayer.obj
         Release\ModuleRender.obj
         Release\ModuleScope.obj
         Release\ModuleTextures.obj
         Release\ModuleTitleScreen.obj
         Release\ModuleUi.obj
         Release\ModuleVictory.obj
         Release\ModuleWindow.obj
         Release\PurplePlane.obj
         Generating code
         Finished generating code
         SDL Game.vcxproj -> C:\Users\esteban\Documents\GitHub\VictoriousSecret\bloodbros\Release\SDL4 Handout.exe
     1>Done Building Project "C:\Users\esteban\Documents\GitHub\VictoriousSecret\bloodbros\SDL Game.vcxproj" (Build target(s)).

Build succeeded.

Time Elapsed 00:00:02.04
