  PurplePlane.cpp
  ModuleWindow.cpp
  ModuleVictory.cpp
  ModuleUi.cpp
c:\users\perso\desktop\github\victorioussecret\bloodbros\moduletext.h(66): warning C4018: '<' : signed/unsigned mismatch
c:\users\perso\desktop\github\victorioussecret\bloodbros\moduletext.h(79): warning C4018: '<' : signed/unsigned mismatch
  ModuleTitleScreen.cpp
  ModuleTextures.cpp
  ModuleScope.cpp
c:\users\perso\desktop\github\victorioussecret\bloodbros\modulescope.cpp(51): warning C4244: 'initializing' : conversion from 'float' to 'int', possible loss of data
c:\users\perso\desktop\github\victorioussecret\bloodbros\modulescope.cpp(84): warning C4244: 'argument' : conversion from 'float' to 'int', possible loss of data
c:\users\perso\desktop\github\victorioussecret\bloodbros\modulescope.cpp(116): warning C4244: '=' : conversion from 'float' to 'int', possible loss of data
c:\users\perso\desktop\github\victorioussecret\bloodbros\modulescope.cpp(117): warning C4244: '=' : conversion from 'float' to 'int', possible loss of data
c:\users\perso\desktop\github\victorioussecret\bloodbros\modulescope.cpp(119): warning C4244: 'argument' : conversion from 'float' to 'int', possible loss of data
  ModuleRender.cpp
  ModulePlayer.cpp
c:\users\perso\desktop\github\victorioussecret\bloodbros\moduleplayer.cpp(195): warning C4244: 'initializing' : conversion from 'float' to 'int', possible loss of data
c:\users\perso\desktop\github\victorioussecret\bloodbros\moduleplayer.cpp(387): warning C4305: '-=' : truncation from 'double' to 'float'
c:\users\perso\desktop\github\victorioussecret\bloodbros\moduleplayer.cpp(414): warning C4244: '=' : conversion from 'float' to 'int', possible loss of data
c:\users\perso\desktop\github\victorioussecret\bloodbros\moduleplayer.cpp(415): warning C4244: '=' : conversion from 'float' to 'int', possible loss of data
c:\users\perso\desktop\github\victorioussecret\bloodbros\moduleplayer.cpp(422): warning C4244: 'argument' : conversion from 'float' to 'int', possible loss of data
  ModuleParticles.cpp
c:\users\perso\desktop\github\victorioussecret\bloodbros\moduleparticles.cpp(256): warning C4244: 'argument' : conversion from 'float' to 'int', possible loss of data
c:\users\perso\desktop\github\victorioussecret\bloodbros\moduleparticles.cpp(272): warning C4244: '=' : conversion from 'int' to 'float', possible loss of data
c:\users\perso\desktop\github\victorioussecret\bloodbros\moduleparticles.cpp(273): warning C4244: '=' : conversion from 'int' to 'float', possible loss of data
c:\users\perso\desktop\github\victorioussecret\bloodbros\moduleparticles.cpp(281): warning C4244: '=' : conversion from 'int' to 'float', possible loss of data
c:\users\perso\desktop\github\victorioussecret\bloodbros\moduleparticles.cpp(282): warning C4244: '=' : conversion from 'int' to 'float', possible loss of data
c:\users\perso\desktop\github\victorioussecret\bloodbros\moduleparticles.cpp(283): warning C4244: '=' : conversion from 'int' to 'float', possible loss of data
c:\users\perso\desktop\github\victorioussecret\bloodbros\moduleparticles.cpp(284): warning C4244: '=' : conversion from 'int' to 'float', possible loss of data
c:\users\perso\desktop\github\victorioussecret\bloodbros\moduleparticles.cpp(297): warning C4244: '=' : conversion from 'int' to 'float', possible loss of data
c:\users\perso\desktop\github\victorioussecret\bloodbros\moduleparticles.cpp(298): warning C4244: '=' : conversion from 'int' to 'float', possible loss of data
c:\users\perso\desktop\github\victorioussecret\bloodbros\moduleparticles.cpp(299): warning C4244: '=' : conversion from 'int' to 'float', possible loss of data
c:\users\perso\desktop\github\victorioussecret\bloodbros\moduleparticles.cpp(300): warning C4244: '=' : conversion from 'int' to 'float', possible loss of data
c:\users\perso\desktop\github\victorioussecret\bloodbros\moduleparticles.cpp(316): warning C4244: 'argument' : conversion from 'float' to 'int', possible loss of data
c:\users\perso\desktop\github\victorioussecret\bloodbros\moduleparticles.cpp(374): warning C4244: 'argument' : conversion from 'float' to 'int', possible loss of data
  ModuleLevel2.cpp
  ModuleLevel1.cpp
  ModuleInput.cpp
  ModuleFonts.cpp
  ModuleFadeToBlack.cpp
  ModuleEnemies.cpp
  ModuleCollision.cpp
  ModuleBuildings.cpp
c:\users\perso\desktop\github\victorioussecret\bloodbros\modulebuildings.cpp(325): warning C4244: 'argument' : conversion from 'float' to 'int', possible loss of data
c:\users\perso\desktop\github\victorioussecret\bloodbros\modulebuildings.cpp(327): warning C4244: 'argument' : conversion from 'float' to 'int', possible loss of data
c:\users\perso\desktop\github\victorioussecret\bloodbros\modulebuildings.cpp(335): warning C4244: 'argument' : conversion from 'float' to 'int', possible loss of data
c:\users\perso\desktop\github\victorioussecret\bloodbros\modulebuildings.cpp(345): warning C4244: 'argument' : conversion from 'float' to 'int', possible loss of data
c:\users\perso\desktop\github\victorioussecret\bloodbros\modulebuildings.cpp(357): warning C4244: 'argument' : conversion from 'float' to 'int', possible loss of data
c:\users\perso\desktop\github\victorioussecret\bloodbros\modulebuildings.cpp(358): warning C4244: 'argument' : conversion from 'float' to 'int', possible loss of data
c:\users\perso\desktop\github\victorioussecret\bloodbros\modulebuildings.cpp(373): warning C4244: '=' : conversion from 'int' to 'float', possible loss of data
c:\users\perso\desktop\github\victorioussecret\bloodbros\modulebuildings.cpp(374): warning C4244: '=' : conversion from 'int' to 'float', possible loss of data
c:\users\perso\desktop\github\victorioussecret\bloodbros\modulebuildings.cpp(379): warning C4244: 'initializing' : conversion from 'float' to 'int', possible loss of data
c:\users\perso\desktop\github\victorioussecret\bloodbros\modulebuildings.cpp(382): warning C4244: 'initializing' : conversion from 'float' to 'int', possible loss of data
c:\users\perso\desktop\github\victorioussecret\bloodbros\modulebuildings.cpp(441): warning C4244: 'argument' : conversion from 'float' to 'int', possible loss of data
c:\users\perso\desktop\github\victorioussecret\bloodbros\modulebuildings.cpp(442): warning C4244: 'argument' : conversion from 'float' to 'int', possible loss of data
c:\users\perso\desktop\github\victorioussecret\bloodbros\modulebuildings.cpp(462): warning C4244: 'argument' : conversion from 'float' to 'int', possible loss of data
c:\users\perso\desktop\github\victorioussecret\bloodbros\modulebuildings.cpp(463): warning C4244: 'argument' : conversion from 'float' to 'int', possible loss of data
  Main.cpp
  Jumper.cpp
c:\users\perso\desktop\github\victorioussecret\bloodbros\jumper.cpp(76): warning C4244: 'argument' : conversion from 'time_t' to 'unsigned int', possible loss of data
c:\users\perso\desktop\github\victorioussecret\bloodbros\jumper.cpp(85): warning C4244: 'argument' : conversion from 'int' to 'float', possible loss of data
  Generating Code...
  Compiling...
  GreenRight.cpp
c:\users\perso\desktop\github\victorioussecret\bloodbros\greenright.cpp(53): warning C4244: 'argument' : conversion from 'time_t' to 'unsigned int', possible loss of data
c:\users\perso\desktop\github\victorioussecret\bloodbros\greenright.cpp(62): warning C4244: 'argument' : conversion from 'int' to 'float', possible loss of data
  GreenCowboy.cpp
  Globals.cpp
  Extras.cpp
c:\users\perso\desktop\github\victorioussecret\bloodbros\extras.cpp(146): warning C4244: 'argument' : conversion from 'float' to 'int', possible loss of data
c:\users\perso\desktop\github\victorioussecret\bloodbros\extras.cpp(148): warning C4244: 'argument' : conversion from 'float' to 'int', possible loss of data
c:\users\perso\desktop\github\victorioussecret\bloodbros\extras.cpp(150): warning C4244: 'argument' : conversion from 'float' to 'int', possible loss of data
c:\users\perso\desktop\github\victorioussecret\bloodbros\extras.cpp(153): warning C4244: 'argument' : conversion from 'float' to 'int', possible loss of data
c:\users\perso\desktop\github\victorioussecret\bloodbros\extras.cpp(170): warning C4244: '=' : conversion from 'int' to 'float', possible loss of data
c:\users\perso\desktop\github\victorioussecret\bloodbros\extras.cpp(171): warning C4244: '=' : conversion from 'int' to 'float', possible loss of data
c:\users\perso\desktop\github\victorioussecret\bloodbros\extras.cpp(173): warning C4244: 'initializing' : conversion from 'float' to 'int', possible loss of data
c:\users\perso\desktop\github\victorioussecret\bloodbros\extras.cpp(176): warning C4244: 'initializing' : conversion from 'float' to 'int', possible loss of data
c:\users\perso\desktop\github\victorioussecret\bloodbros\extras.cpp(179): warning C4244: 'initializing' : conversion from 'float' to 'int', possible loss of data
c:\users\perso\desktop\github\victorioussecret\bloodbros\extras.cpp(182): warning C4244: 'initializing' : conversion from 'float' to 'int', possible loss of data
c:\users\perso\desktop\github\victorioussecret\bloodbros\extras.cpp(232): warning C4244: '=' : conversion from 'float' to 'int', possible loss of data
c:\users\perso\desktop\github\victorioussecret\bloodbros\extras.cpp(233): warning C4244: '=' : conversion from 'float' to 'int', possible loss of data
c:\users\perso\desktop\github\victorioussecret\bloodbros\extras.cpp(252): warning C4244: 'argument' : conversion from 'float' to 'int', possible loss of data
  Enemy.cpp
  Charriot.cpp
  BlueCowBoy.cpp
  Audio.cpp
  Application.cpp
  Generating Code...
MSVCRTD.lib(cinitexe.obj) : warning LNK4098: defaultlib 'msvcrt.lib' conflicts with use of other libs; use /NODEFAULTLIB:library
  SDL Game.vcxproj -> C:\Users\perso\Desktop\GITHUB\VictoriousSecret\bloodbros\Debug\SDL4 Handout.exe
